Arguments: 
  C:\Program Files\nodejs\node.exe C:\Users\Zion16\AppData\Roaming\npm\node_modules\yarn\bin\yarn.js add @fire

PATH: 
  C:\Python310\Scripts\;C:\Python310\;C:\WINDOWS\system32;C:\WINDOWS;C:\WINDOWS\System32\Wbem;C:\WINDOWS\System32\WindowsPowerShell\v1.0\;C:\WINDOWS\System32\OpenSSH\;C:\ProgramData\chocolatey\bin;C:\Program Files\Git\cmd;C:\Program Files\nodejs\;C:\Users\Zion16\AppData\Local\Microsoft\WindowsApps;C:\Users\Zion16\AppData\Local\Programs\Microsoft VS Code\bin;C:\Users\Zion16\AppData\Roaming\npm

Yarn version: 
  1.22.19

Node version: 
  16.17.0

Platform: 
  win32 x64

Trace: 
  Error: https://registry.npmjs.org/@fire: Request "https://registry.npmjs.org/@fire" returned a 405
      at Request.params.callback [as _callback] (C:\Users\Zion16\AppData\Roaming\npm\node_modules\yarn\lib\cli.js:66154:18)
      at Request.self.callback (C:\Users\Zion16\AppData\Roaming\npm\node_modules\yarn\lib\cli.js:140890:22)
      at Request.emit (node:events:513:28)
      at Request.<anonymous> (C:\Users\Zion16\AppData\Roaming\npm\node_modules\yarn\lib\cli.js:141862:10)
      at Request.emit (node:events:513:28)
      at IncomingMessage.<anonymous> (C:\Users\Zion16\AppData\Roaming\npm\node_modules\yarn\lib\cli.js:141784:12)
      at Object.onceWrapper (node:events:627:28)
      at IncomingMessage.emit (node:events:525:35)
      at endReadableNT (node:internal/streams/readable:1358:12)
      at processTicksAndRejections (node:internal/process/task_queues:83:21)

npm manifest: 
  {
    "name": "rugs",
    "version": "0.0.0",
    "scripts": {
      "ng": "ng",
      "start": "ng serve",
      "build": "ng build",
      "watch": "ng build --watch --configuration development",
      "test": "ng test"
    },
    "private": true,
    "dependencies": {
      "@angular/animations": "~12.1.2",
      "@angular/cdk": "^12.2.4",
      "@angular/common": "~12.1.2",
      "@angular/compiler": "~12.1.2",
      "@angular/core": "~12.1.2",
      "@angular/fire": "^7.4.1",
      "@angular/flex-layout": "^13.0.0-beta.36",
      "@angular/forms": "~12.1.2",
      "@angular/material": "^12.2.4",
      "@angular/platform-browser": "~12.1.2",
      "@angular/platform-browser-dynamic": "~12.1.2",
      "@angular/router": "~12.1.2",
      "@fortawesome/fontawesome-free": "^5.15.4",
      "@ngbmodule/material-carousel": "^0.7.1",
      "@walletconnect/web3-provider": "^1.7.8",
      "@web3auth/web3auth": "^1.1.0",
      "assert": "2.0.0",
      "browser": "0.2.6",
      "crypto-browserify": "3.12.0",
      "file-system": "^2.2.2",
      "fs": "^0.0.1-security",
      "google-libphonenumber": "^3.2.25",
      "https-browserify": "1.0.0",
      "i": "^0.3.7",
      "libphonenumber-js": "^1.9.43",
      "magic-sdk": "^8.1.1",
      "moralis": "^1.8.1",
      "ng2-odometer": "^1.1.3",
      "ng2-pdf-viewer": "^9.1.2",
      "ngx-extended-pdf-viewer": "^15.0.2",
      "ngx-intl-tel-input": "^3.1.3",
      "ngx-mat-intl-tel-input": "^4.1.0",
      "ngx-mat-select-search": "^3.3.3",
      "ngx-mat-tel-input": "^2.1.0",
      "ngx-owl-carousel-o": "^6.0.0",
      "ngx-spinner": "^13.0.0",
      "odometer-angular": "^1.0.0",
      "os-browserify": "0.3.0",
      "placeholder-loading": "^0.5.0",
      "rxjs": "~6.6.0",
      "stream-browserify": "3.0.0",
      "stream-http": "3.2.0",
      "tm-ng-odometer": "^1.1.8",
      "tslib": "^2.2.0",
      "web3": "^1.5.2",
      "world-countries": "^4.0.0",
      "zone.js": "~0.11.4"
    },
    "browser": {
      "fs": false,
      "path": false,
      "os": false
    },
    "devDependencies": {
      "@angular-devkit/build-angular": "~12.1.2",
      "@angular/cli": "~12.1.2",
      "@angular/compiler-cli": "~12.1.2",
      "@types/google-libphonenumber": "^7.4.23",
      "@types/jasmine": "~3.8.0",
      "@types/node": "^12.11.1",
      "jasmine-core": "~3.8.0",
      "karma": "~6.3.0",
      "karma-chrome-launcher": "~3.1.0",
      "karma-coverage": "~2.0.3",
      "karma-jasmine": "~4.0.0",
      "karma-jasmine-html-reporter": "~1.7.0",
      "typescript": "~4.3.2"
    }
  }

yarn manifest: 
  No manifest

Lockfile: 
  No lockfile
